<?xml version="1.0" encoding="UTF-8"?>
<testng-results ignored="0" total="1" passed="1" failed="0" skipped="0">
  <reporter-output>
  </reporter-output>
  <suite started-at="2023-12-07T15:06:56 IST" name="Default suite" finished-at="2023-12-07T15:07:04 IST" duration-ms="8449">
    <groups>
    </groups>
    <test started-at="2023-12-07T15:06:56 IST" name="Default test" finished-at="2023-12-07T15:07:04 IST" duration-ms="8449">
      <class name="com.demo.testcases.TC_001">
        <test-method is-config="true" signature="setUP()[pri:0, instance:com.demo.testcases.TC_001@4f80542f]" started-at="2023-12-07T15:06:56 IST" name="setUP" finished-at="2023-12-07T15:07:02 IST" duration-ms="6687" status="PASS">
          <reporter-output>
          </reporter-output>
        </test-method> <!-- setUP -->
        <test-method signature="test()[pri:0, instance:com.demo.testcases.TC_001@4f80542f]" started-at="2023-12-07T15:07:02 IST" name="test" finished-at="2023-12-07T15:07:03 IST" duration-ms="1053" status="PASS">
          <reporter-output>
          </reporter-output>
        </test-method> <!-- test -->
        <test-method is-config="true" signature="tearDown(org.testng.ITestResult)[pri:0, instance:com.demo.testcases.TC_001@4f80542f]" started-at="2023-12-07T15:07:03 IST" name="tearDown" finished-at="2023-12-07T15:07:04 IST" duration-ms="655" status="PASS">
          <params>
            <param index="0">
              <value>
                <![CDATA[[TestResult name=test status=SUCCESS method=TC_001.test()[pri:0, instance:com.demo.testcases.TC_001@4f80542f] output={null}]]]>
              </value>
            </param>
          </params>
          <reporter-output>
          </reporter-output>
        </test-method> <!-- tearDown -->
      </class> <!-- com.demo.testcases.TC_001 -->
    </test> <!-- Default test -->
  </suite> <!-- Default suite -->
</testng-results>
